<?xml version="1.0" encoding="UTF-8"?>
<!-- Generated by org.testng.reporters.JUnitReportReporter -->
<testsuite name="com.maven.Base.TestBase" tests="1" time="0.029" ignored="0" failures="0" timestamp="12 Aug 2019 15:21:29 GMT" skipped="0" hostname="LAPTOP-UBBPG2IU" errors="0">
  <testcase name="test" time="0.029" classname="com.maven.Base.TestBase"/>
</testsuite> <!-- com.maven.Base.TestBase -->
